<?xml version="1.0" encoding="UTF-8"?>
<testng-results skipped="0" failed="1" ignored="0" total="3" passed="2">
  <reporter-output>
  </reporter-output>
  <suite name="wiseoper" duration-ms="32176" started-at="2020-08-07T08:57:10Z" finished-at="2020-08-07T08:57:43Z">
    <groups>
    </groups>
    <test name="loginFail" duration-ms="14513" started-at="2020-08-07T08:57:10Z" finished-at="2020-08-07T08:57:25Z">
      <class name="test.LoginFailTest">
        <test-method status="PASS" signature="setUp(java.lang.String, java.lang.String, java.lang.String, java.lang.String, org.testng.ITestContext)[pri:0, instance:test.LoginFailTest@6b9651f3]" name="setUp" is-config="true" duration-ms="9985" started-at="2020-08-07T16:57:11Z" finished-at="2020-08-07T16:57:21Z">
          <params>
            <param index="0">
              <value>
                <![CDATA[chrome]]>
              </value>
            </param>
            <param index="1">
              <value>
                <![CDATA[http://www.soomey.net/web/sq/#/passport/login]]>
              </value>
            </param>
            <param index="2">
              <value>
                <![CDATA[]]>
              </value>
            </param>
            <param index="3">
              <value>
                <![CDATA[]]>
              </value>
            </param>
            <param index="4">
              <value>
                <![CDATA[org.testng.TestRunner@23fe1d71]]>
              </value>
            </param>
          </params>
          <reporter-output>
          </reporter-output>
        </test-method> <!-- setUp -->
        <test-method status="PASS" signature="testLoginFail()[pri:1, instance:test.LoginFailTest@6b9651f3]" name="testLoginFail" duration-ms="4246" started-at="2020-08-07T16:57:21Z" finished-at="2020-08-07T16:57:25Z">
          <reporter-output>
          </reporter-output>
        </test-method> <!-- testLoginFail -->
        <test-method status="PASS" signature="tearDown()[pri:0, instance:test.LoginFailTest@6b9651f3]" name="tearDown" is-config="true" duration-ms="202" started-at="2020-08-07T16:57:25Z" finished-at="2020-08-07T16:57:25Z">
          <reporter-output>
          </reporter-output>
        </test-method> <!-- tearDown -->
      </class> <!-- test.LoginFailTest -->
    </test> <!-- loginFail -->
    <test name="login" duration-ms="15573" started-at="2020-08-07T08:57:10Z" finished-at="2020-08-07T08:57:26Z">
      <class name="test.LoginTest">
        <test-method status="PASS" signature="setUp(java.lang.String, java.lang.String, java.lang.String, java.lang.String, org.testng.ITestContext)[pri:0, instance:test.LoginTest@4d50efb8]" name="setUp" is-config="true" duration-ms="9455" started-at="2020-08-07T16:57:11Z" finished-at="2020-08-07T16:57:20Z">
          <params>
            <param index="0">
              <value>
                <![CDATA[chrome]]>
              </value>
            </param>
            <param index="1">
              <value>
                <![CDATA[http://www.soomey.net/web/sq/#/passport/login]]>
              </value>
            </param>
            <param index="2">
              <value>
                <![CDATA[]]>
              </value>
            </param>
            <param index="3">
              <value>
                <![CDATA[]]>
              </value>
            </param>
            <param index="4">
              <value>
                <![CDATA[org.testng.TestRunner@28ac3dc3]]>
              </value>
            </param>
          </params>
          <reporter-output>
          </reporter-output>
        </test-method> <!-- setUp -->
        <test-method status="PASS" signature="testLogin()[pri:1, instance:test.LoginTest@4d50efb8]" name="testLogin" duration-ms="5047" started-at="2020-08-07T16:57:20Z" finished-at="2020-08-07T16:57:25Z">
          <reporter-output>
          </reporter-output>
        </test-method> <!-- testLogin -->
        <test-method status="PASS" signature="tearDown()[pri:0, instance:test.LoginTest@4d50efb8]" name="tearDown" is-config="true" duration-ms="176" started-at="2020-08-07T16:57:26Z" finished-at="2020-08-07T16:57:26Z">
          <reporter-output>
          </reporter-output>
        </test-method> <!-- tearDown -->
      </class> <!-- test.LoginTest -->
    </test> <!-- login -->
    <test name="sqProductList" duration-ms="32175" started-at="2020-08-07T08:57:10Z" finished-at="2020-08-07T08:57:43Z">
      <class name="test.SqProductList">
        <test-method status="PASS" signature="setUp(java.lang.String, java.lang.String, java.lang.String, java.lang.String, org.testng.ITestContext)[pri:0, instance:test.SqProductList@7ce6a65d]" name="setUp" is-config="true" duration-ms="9831" started-at="2020-08-07T16:57:11Z" finished-at="2020-08-07T16:57:20Z">
          <params>
            <param index="0">
              <value>
                <![CDATA[chrome]]>
              </value>
            </param>
            <param index="1">
              <value>
                <![CDATA[http://www.soomey.net/web/sq/#/passport/login]]>
              </value>
            </param>
            <param index="2">
              <value>
                <![CDATA[]]>
              </value>
            </param>
            <param index="3">
              <value>
                <![CDATA[]]>
              </value>
            </param>
            <param index="4">
              <value>
                <![CDATA[org.testng.TestRunner@74a10858]]>
              </value>
            </param>
          </params>
          <reporter-output>
          </reporter-output>
        </test-method> <!-- setUp -->
        <test-method status="FAIL" signature="SqProductList()[pri:1, instance:test.SqProductList@7ce6a65d]" name="SqProductList" duration-ms="21969" started-at="2020-08-07T16:57:20Z" finished-at="2020-08-07T16:57:42Z">
          <exception class="java.lang.AssertionError">
            <message>
              <![CDATA[检查点不通过 expected [true] but found [false]]]>
            </message>
            <full-stacktrace>
              <![CDATA[java.lang.AssertionError: 检查点不通过 expected [true] but found [false]
	at org.testng.Assert.fail(Assert.java:93)
	at org.testng.Assert.failNotEquals(Assert.java:512)
	at org.testng.Assert.assertTrue(Assert.java:41)
	at test.SqProductList.SqProductList(SqProductList.java:43)
	at sun.reflect.NativeMethodAccessorImpl.invoke0(Native Method)
	at sun.reflect.NativeMethodAccessorImpl.invoke(NativeMethodAccessorImpl.java:62)
	at sun.reflect.DelegatingMethodAccessorImpl.invoke(DelegatingMethodAccessorImpl.java:43)
	at java.lang.reflect.Method.invoke(Method.java:498)
	at org.testng.internal.MethodInvocationHelper.invokeMethod(MethodInvocationHelper.java:108)
	at org.testng.internal.Invoker.invokeMethod(Invoker.java:661)
	at org.testng.internal.Invoker.invokeTestMethod(Invoker.java:869)
	at org.testng.internal.Invoker.invokeTestMethods(Invoker.java:1193)
	at org.testng.internal.TestMethodWorker.invokeTestMethods(TestMethodWorker.java:126)
	at org.testng.internal.TestMethodWorker.run(TestMethodWorker.java:109)
	at org.testng.TestRunner.privateRun(TestRunner.java:744)
	at org.testng.TestRunner.run(TestRunner.java:602)
	at org.testng.SuiteRunner.runTest(SuiteRunner.java:380)
	at org.testng.SuiteRunner.access$000(SuiteRunner.java:39)
	at org.testng.SuiteRunner$SuiteWorker.run(SuiteRunner.java:414)
	at org.testng.internal.thread.ThreadUtil$1.call(ThreadUtil.java:52)
	at java.util.concurrent.FutureTask.run(FutureTask.java:266)
	at java.util.concurrent.ThreadPoolExecutor.runWorker(ThreadPoolExecutor.java:1149)
	at java.util.concurrent.ThreadPoolExecutor$Worker.run(ThreadPoolExecutor.java:624)
	at java.lang.Thread.run(Thread.java:748)
]]>
            </full-stacktrace>
          </exception> <!-- java.lang.AssertionError -->
          <reporter-output>
          </reporter-output>
        </test-method> <!-- SqProductList -->
        <test-method status="PASS" signature="tearDown()[pri:0, instance:test.SqProductList@7ce6a65d]" name="tearDown" is-config="true" duration-ms="283" started-at="2020-08-07T16:57:42Z" finished-at="2020-08-07T16:57:43Z">
          <reporter-output>
          </reporter-output>
        </test-method> <!-- tearDown -->
      </class> <!-- test.SqProductList -->
    </test> <!-- sqProductList -->
  </suite> <!-- wiseoper -->
</testng-results>
